API endpoint: http://localhost:58080
If you are using a library that supports the FIRESTORE_EMULATOR_HOST environment variable, run:

   export FIRESTORE_EMULATOR_HOST=localhost:58080

Dev App Server is now running.

May 21, 2020 9:55:04 PM io.gapi.emulators.netty.HttpVersionRoutingHandler channelRead
INFO: Detected HTTP/2 connection.
May 21, 2020 9:55:05 PM com.google.cloud.datastore.emulator.impl.util.WrappedStreamObserver onError
INFO: operation failed: No matching allow statements
May 21, 2020 9:55:05 PM com.google.cloud.datastore.emulator.impl.util.WrappedStreamObserver onError
INFO: operation failed: No matching allow statements
May 21, 2020 9:55:06 PM com.google.cloud.datastore.emulator.impl.util.WrappedStreamObserver onError
INFO: operation failed: No matching allow statements
May 21, 2020 9:55:06 PM com.google.cloud.datastore.emulator.impl.util.WrappedStreamObserver onError
INFO: operation failed: No matching allow statements
May 21, 2020 9:55:34 PM io.gapi.emulators.netty.HttpVersionRoutingHandler channelRead
INFO: Detected HTTP/2 connection.
May 21, 2020 9:55:35 PM com.google.cloud.datastore.emulator.impl.util.WrappedStreamObserver onError
INFO: operation failed: No matching allow statements
May 21, 2020 9:55:35 PM com.google.cloud.datastore.emulator.impl.util.WrappedStreamObserver onError
INFO: operation failed: No matching allow statements
May 21, 2020 9:55:35 PM com.google.cloud.datastore.emulator.impl.util.WrappedStreamObserver onError
INFO: operation failed: No matching allow statements
May 21, 2020 9:55:38 PM io.gapi.emulators.netty.HttpVersionRoutingHandler channelRead
INFO: Detected HTTP/2 connection.
May 21, 2020 9:55:38 PM com.google.cloud.datastore.emulator.impl.util.WrappedStreamObserver onError
INFO: operation failed: No matching allow statements
May 21, 2020 9:55:38 PM com.google.cloud.datastore.emulator.impl.util.WrappedStreamObserver onError
INFO: operation failed: No matching allow statements
May 21, 2020 9:55:38 PM com.google.cloud.datastore.emulator.impl.util.WrappedStreamObserver onError
INFO: operation failed: No matching allow statements
May 21, 2020 9:55:42 PM io.gapi.emulators.netty.HttpVersionRoutingHandler channelRead
INFO: Detected HTTP/2 connection.
May 21, 2020 9:55:42 PM com.google.cloud.datastore.emulator.impl.util.WrappedStreamObserver onError
INFO: operation failed: No matching allow statements
May 21, 2020 9:55:42 PM com.google.cloud.datastore.emulator.impl.util.WrappedStreamObserver onError
INFO: operation failed: No matching allow statements
May 21, 2020 9:55:47 PM io.gapi.emulators.netty.HttpVersionRoutingHandler channelRead
INFO: Detected HTTP/2 connection.
May 21, 2020 9:55:47 PM com.google.cloud.datastore.emulator.impl.util.WrappedStreamObserver onError
INFO: operation failed: No matching allow statements
May 21, 2020 9:55:47 PM com.google.cloud.datastore.emulator.impl.util.WrappedStreamObserver onError
INFO: operation failed: No matching allow statements
May 21, 2020 9:55:52 PM io.gapi.emulators.netty.HttpVersionRoutingHandler channelRead
INFO: Detected HTTP/2 connection.
May 21, 2020 9:55:52 PM com.google.cloud.datastore.emulator.impl.util.WrappedStreamObserver onError
INFO: operation failed: No matching allow statements
May 21, 2020 9:55:52 PM com.google.cloud.datastore.emulator.impl.util.WrappedStreamObserver onError
INFO: operation failed: No matching allow statements
May 21, 2020 9:55:58 PM io.gapi.emulators.netty.HttpVersionRoutingHandler channelRead
INFO: Detected HTTP/2 connection.
May 21, 2020 9:55:58 PM com.google.cloud.datastore.emulator.impl.util.WrappedStreamObserver onError
INFO: operation failed: No matching allow statements
May 21, 2020 9:55:58 PM com.google.cloud.datastore.emulator.impl.util.WrappedStreamObserver onError
INFO: operation failed: No matching allow statements
May 21, 2020 9:56:06 PM io.gapi.emulators.netty.HttpVersionRoutingHandler channelRead
INFO: Detected HTTP/2 connection.
May 21, 2020 9:56:06 PM com.google.cloud.datastore.emulator.impl.util.WrappedStreamObserver onError
INFO: operation failed: No matching allow statements
May 21, 2020 9:56:06 PM com.google.cloud.datastore.emulator.impl.util.WrappedStreamObserver onError
INFO: operation failed: No matching allow statements
May 21, 2020 9:56:27 PM io.gapi.emulators.netty.HttpVersionRoutingHandler channelRead
INFO: Detected HTTP/2 connection.
May 21, 2020 9:56:27 PM com.google.cloud.datastore.emulator.impl.util.WrappedStreamObserver onError
INFO: operation failed: No matching allow statements
May 21, 2020 9:56:27 PM com.google.cloud.datastore.emulator.impl.util.WrappedStreamObserver onError
INFO: operation failed: No matching allow statements
May 21, 2020 10:32:35 PM io.gapi.emulators.netty.HttpVersionRoutingHandler channelRead
INFO: Detected HTTP/2 connection.
May 21, 2020 10:32:35 PM com.google.cloud.datastore.emulator.impl.util.WrappedStreamObserver onError
INFO: operation failed: No matching allow statements
May 21, 2020 10:32:35 PM com.google.cloud.datastore.emulator.impl.util.WrappedStreamObserver onError
INFO: operation failed: No matching allow statements
May 21, 2020 10:32:40 PM io.gapi.emulators.netty.HttpVersionRoutingHandler channelRead
INFO: Detected HTTP/2 connection.
May 21, 2020 10:32:40 PM com.google.cloud.datastore.emulator.impl.util.WrappedStreamObserver onError
INFO: operation failed: No matching allow statements
May 21, 2020 10:32:40 PM com.google.cloud.datastore.emulator.impl.util.WrappedStreamObserver onError
INFO: operation failed: No matching allow statements
May 21, 2020 10:33:34 PM io.gapi.emulators.netty.HttpVersionRoutingHandler channelRead
INFO: Detected HTTP/2 connection.
May 21, 2020 10:33:34 PM com.google.cloud.datastore.emulator.impl.util.WrappedStreamObserver onError
INFO: operation failed: No matching allow statements
May 21, 2020 10:33:34 PM com.google.cloud.datastore.emulator.impl.util.WrappedStreamObserver onError
INFO: operation failed: No matching allow statements
May 21, 2020 10:33:39 PM io.gapi.emulators.netty.HttpVersionRoutingHandler channelRead
INFO: Detected HTTP/2 connection.
May 21, 2020 10:33:39 PM com.google.cloud.datastore.emulator.impl.util.WrappedStreamObserver onError
INFO: operation failed: 
Property ownerId is undefined on object. for 'create' @ L4
May 21, 2020 10:33:39 PM com.google.cloud.datastore.emulator.impl.util.WrappedStreamObserver onError
INFO: operation failed: No matching allow statements
May 21, 2020 10:33:43 PM io.gapi.emulators.netty.HttpVersionRoutingHandler channelRead
INFO: Detected HTTP/2 connection.
May 21, 2020 10:33:43 PM com.google.cloud.datastore.emulator.impl.util.WrappedStreamObserver onError
INFO: operation failed: 
Property ownerId is undefined on object. for 'create' @ L4
May 21, 2020 10:33:44 PM com.google.cloud.datastore.emulator.impl.util.WrappedStreamObserver onError
INFO: operation failed: No matching allow statements
May 21, 2020 10:33:49 PM io.gapi.emulators.netty.HttpVersionRoutingHandler channelRead
INFO: Detected HTTP/2 connection.
May 21, 2020 10:33:50 PM com.google.cloud.datastore.emulator.impl.util.WrappedStreamObserver onError
INFO: operation failed: No matching allow statements
May 21, 2020 10:34:33 PM io.gapi.emulators.netty.HttpVersionRoutingHandler channelRead
INFO: Detected HTTP/2 connection.
May 21, 2020 10:34:33 PM com.google.cloud.datastore.emulator.impl.util.WrappedStreamObserver onError
INFO: operation failed: No matching allow statements
May 21, 2020 10:34:37 PM io.gapi.emulators.netty.HttpVersionRoutingHandler channelRead
INFO: Detected HTTP/2 connection.
May 21, 2020 10:34:37 PM com.google.cloud.datastore.emulator.impl.util.WrappedStreamObserver onError
INFO: operation failed: No matching allow statements
May 21, 2020 10:34:49 PM io.gapi.emulators.netty.HttpVersionRoutingHandler channelRead
INFO: Detected non-HTTP/2 connection.
May 21, 2020 10:34:49 PM io.gapi.emulators.netty.HttpVersionRoutingHandler channelRead
INFO: Detected HTTP/2 connection.
May 21, 2020 10:34:50 PM io.gapi.emulators.netty.HttpVersionRoutingHandler channelRead
INFO: Detected HTTP/2 connection.
May 21, 2020 10:34:51 PM com.google.cloud.datastore.emulator.impl.util.WrappedStreamObserver onError
INFO: operation failed: No matching allow statements
May 21, 2020 10:37:12 PM io.gapi.emulators.netty.HttpVersionRoutingHandler channelRead
INFO: Detected HTTP/2 connection.
May 21, 2020 10:37:12 PM com.google.cloud.datastore.emulator.impl.util.WrappedStreamObserver onError
INFO: operation failed: No matching allow statements
May 21, 2020 10:37:16 PM io.gapi.emulators.netty.HttpVersionRoutingHandler channelRead
INFO: Detected HTTP/2 connection.
May 21, 2020 10:37:16 PM com.google.cloud.datastore.emulator.impl.util.WrappedStreamObserver onError
INFO: operation failed: No matching allow statements
May 21, 2020 10:37:35 PM io.gapi.emulators.netty.HttpVersionRoutingHandler channelRead
INFO: Detected HTTP/2 connection.
May 21, 2020 10:37:35 PM com.google.cloud.datastore.emulator.impl.util.WrappedStreamObserver onError
INFO: operation failed: No matching allow statements
May 21, 2020 10:37:37 PM io.gapi.emulators.netty.HttpVersionRoutingHandler channelRead
INFO: Detected HTTP/2 connection.
May 21, 2020 10:37:37 PM com.google.cloud.datastore.emulator.impl.util.WrappedStreamObserver onError
INFO: operation failed: No matching allow statements
May 21, 2020 10:37:40 PM io.gapi.emulators.netty.HttpVersionRoutingHandler channelRead
INFO: Detected HTTP/2 connection.
May 21, 2020 10:37:40 PM com.google.cloud.datastore.emulator.impl.util.WrappedStreamObserver onError
INFO: operation failed: No matching allow statements
May 21, 2020 10:37:43 PM io.gapi.emulators.netty.HttpVersionRoutingHandler channelRead
INFO: Detected HTTP/2 connection.
May 21, 2020 10:37:44 PM com.google.cloud.datastore.emulator.impl.util.WrappedStreamObserver onError
INFO: operation failed: No matching allow statements
May 21, 2020 10:37:47 PM io.gapi.emulators.netty.HttpVersionRoutingHandler channelRead
INFO: Detected HTTP/2 connection.
May 21, 2020 10:37:47 PM com.google.cloud.datastore.emulator.impl.util.WrappedStreamObserver onError
INFO: operation failed: No matching allow statements
May 21, 2020 10:37:52 PM io.gapi.emulators.netty.HttpVersionRoutingHandler channelRead
INFO: Detected HTTP/2 connection.
May 21, 2020 10:37:52 PM com.google.cloud.datastore.emulator.impl.util.WrappedStreamObserver onError
INFO: operation failed: No matching allow statements
May 21, 2020 10:38:10 PM io.gapi.emulators.netty.HttpVersionRoutingHandler channelRead
INFO: Detected HTTP/2 connection.
May 21, 2020 10:38:10 PM com.google.cloud.datastore.emulator.impl.util.WrappedStreamObserver onError
INFO: operation failed: No matching allow statements
May 21, 2020 10:38:18 PM io.gapi.emulators.netty.HttpVersionRoutingHandler channelRead
INFO: Detected HTTP/2 connection.
May 21, 2020 10:38:18 PM com.google.cloud.datastore.emulator.impl.util.WrappedStreamObserver onError
INFO: operation failed: No matching allow statements
May 21, 2020 10:38:20 PM io.gapi.emulators.netty.HttpVersionRoutingHandler channelRead
INFO: Detected HTTP/2 connection.
May 21, 2020 10:38:20 PM com.google.cloud.datastore.emulator.impl.util.WrappedStreamObserver onError
INFO: operation failed: No matching allow statements
May 21, 2020 10:38:24 PM io.gapi.emulators.netty.HttpVersionRoutingHandler channelRead
INFO: Detected HTTP/2 connection.
May 21, 2020 10:38:24 PM com.google.cloud.datastore.emulator.impl.util.WrappedStreamObserver onError
INFO: operation failed: No matching allow statements
May 21, 2020 10:38:39 PM io.gapi.emulators.netty.HttpVersionRoutingHandler channelRead
INFO: Detected HTTP/2 connection.
May 21, 2020 10:38:39 PM com.google.cloud.datastore.emulator.impl.util.WrappedStreamObserver onError
INFO: operation failed: No matching allow statements
May 21, 2020 10:38:41 PM io.gapi.emulators.netty.HttpVersionRoutingHandler channelRead
INFO: Detected HTTP/2 connection.
May 21, 2020 10:38:41 PM com.google.cloud.datastore.emulator.impl.util.WrappedStreamObserver onError
INFO: operation failed: No matching allow statements
May 21, 2020 10:38:44 PM io.gapi.emulators.netty.HttpVersionRoutingHandler channelRead
INFO: Detected HTTP/2 connection.
May 21, 2020 10:38:44 PM com.google.cloud.datastore.emulator.impl.util.WrappedStreamObserver onError
INFO: operation failed: No matching allow statements
May 21, 2020 10:39:17 PM io.gapi.emulators.netty.HttpVersionRoutingHandler channelRead
INFO: Detected non-HTTP/2 connection.
May 21, 2020 10:39:18 PM io.gapi.emulators.netty.HttpVersionRoutingHandler channelRead
INFO: Detected HTTP/2 connection.
May 21, 2020 10:39:18 PM com.google.cloud.datastore.emulator.impl.util.WrappedStreamObserver onError
INFO: operation failed: No matching allow statements
May 21, 2020 10:39:24 PM io.gapi.emulators.netty.HttpVersionRoutingHandler channelRead
INFO: Detected non-HTTP/2 connection.
May 21, 2020 10:39:25 PM io.gapi.emulators.netty.HttpVersionRoutingHandler channelRead
INFO: Detected HTTP/2 connection.
May 21, 2020 10:39:25 PM com.google.cloud.datastore.emulator.impl.util.WrappedStreamObserver onError
INFO: operation failed: No matching allow statements
May 21, 2020 10:39:27 PM io.gapi.emulators.netty.HttpVersionRoutingHandler channelRead
INFO: Detected non-HTTP/2 connection.
May 21, 2020 10:39:28 PM io.gapi.emulators.netty.HttpVersionRoutingHandler channelRead
INFO: Detected HTTP/2 connection.
May 21, 2020 10:39:28 PM com.google.cloud.datastore.emulator.impl.util.WrappedStreamObserver onError
INFO: operation failed: No matching allow statements
May 21, 2020 10:39:40 PM io.gapi.emulators.netty.HttpVersionRoutingHandler channelRead
INFO: Detected non-HTTP/2 connection.
May 21, 2020 10:39:40 PM io.gapi.emulators.netty.HttpVersionRoutingHandler channelRead
INFO: Detected HTTP/2 connection.
May 21, 2020 10:39:40 PM com.google.cloud.datastore.emulator.impl.util.WrappedStreamObserver onError
INFO: operation failed: Error compiling rules:
L4:57 mismatched input 'null' expecting IDENTIFIER
L4:61 An unsupported type identifier was used with the 'is' operator. Received null. Expected one of bool,bytes,constraint,duration,float,int,latlng,list,set,number,map,string,timestamp,path,map_diff
May 21, 2020 10:39:41 PM com.google.cloud.datastore.emulator.impl.util.WrappedStreamObserver onError
INFO: operation failed: Error compiling rules:
L4:57 mismatched input 'null' expecting IDENTIFIER
L4:61 An unsupported type identifier was used with the 'is' operator. Received null. Expected one of bool,bytes,constraint,duration,float,int,latlng,list,set,number,map,string,timestamp,path,map_diff
May 21, 2020 10:39:41 PM com.google.cloud.datastore.emulator.impl.util.WrappedStreamObserver onError
INFO: operation failed: Error compiling rules:
L4:57 mismatched input 'null' expecting IDENTIFIER
L4:61 An unsupported type identifier was used with the 'is' operator. Received null. Expected one of bool,bytes,constraint,duration,float,int,latlng,list,set,number,map,string,timestamp,path,map_diff
May 21, 2020 10:39:41 PM com.google.cloud.datastore.emulator.impl.util.WrappedStreamObserver onError
INFO: operation failed: Error compiling rules:
L4:57 mismatched input 'null' expecting IDENTIFIER
L4:61 An unsupported type identifier was used with the 'is' operator. Received null. Expected one of bool,bytes,constraint,duration,float,int,latlng,list,set,number,map,string,timestamp,path,map_diff
May 21, 2020 10:39:41 PM com.google.cloud.datastore.emulator.impl.util.WrappedStreamObserver onError
INFO: operation failed: Error compiling rules:
L4:57 mismatched input 'null' expecting IDENTIFIER
L4:61 An unsupported type identifier was used with the 'is' operator. Received null. Expected one of bool,bytes,constraint,duration,float,int,latlng,list,set,number,map,string,timestamp,path,map_diff
May 21, 2020 10:39:48 PM io.gapi.emulators.netty.HttpVersionRoutingHandler channelRead
INFO: Detected non-HTTP/2 connection.
May 21, 2020 10:39:49 PM io.gapi.emulators.netty.HttpVersionRoutingHandler channelRead
INFO: Detected HTTP/2 connection.
May 21, 2020 10:39:49 PM com.google.cloud.datastore.emulator.impl.util.WrappedStreamObserver onError
INFO: operation failed: No matching allow statements
May 21, 2020 10:39:53 PM io.gapi.emulators.netty.HttpVersionRoutingHandler channelRead
INFO: Detected non-HTTP/2 connection.
May 21, 2020 10:39:54 PM io.gapi.emulators.netty.HttpVersionRoutingHandler channelRead
INFO: Detected HTTP/2 connection.
May 21, 2020 10:39:54 PM com.google.cloud.datastore.emulator.impl.util.WrappedStreamObserver onError
INFO: operation failed: Error compiling rules:
L4:61 An unsupported type identifier was used with the 'is' operator. Received date. Expected one of bool,bytes,constraint,duration,float,int,latlng,list,set,number,map,string,timestamp,path,map_diff
May 21, 2020 10:39:54 PM com.google.cloud.datastore.emulator.impl.util.WrappedStreamObserver onError
INFO: operation failed: Error compiling rules:
L4:61 An unsupported type identifier was used with the 'is' operator. Received date. Expected one of bool,bytes,constraint,duration,float,int,latlng,list,set,number,map,string,timestamp,path,map_diff
May 21, 2020 10:39:54 PM com.google.cloud.datastore.emulator.impl.util.WrappedStreamObserver onError
INFO: operation failed: Error compiling rules:
L4:61 An unsupported type identifier was used with the 'is' operator. Received date. Expected one of bool,bytes,constraint,duration,float,int,latlng,list,set,number,map,string,timestamp,path,map_diff
May 21, 2020 10:39:54 PM com.google.cloud.datastore.emulator.impl.util.WrappedStreamObserver onError
INFO: operation failed: Error compiling rules:
L4:61 An unsupported type identifier was used with the 'is' operator. Received date. Expected one of bool,bytes,constraint,duration,float,int,latlng,list,set,number,map,string,timestamp,path,map_diff
May 21, 2020 10:39:54 PM com.google.cloud.datastore.emulator.impl.util.WrappedStreamObserver onError
INFO: operation failed: Error compiling rules:
L4:61 An unsupported type identifier was used with the 'is' operator. Received date. Expected one of bool,bytes,constraint,duration,float,int,latlng,list,set,number,map,string,timestamp,path,map_diff
May 21, 2020 10:39:55 PM io.gapi.emulators.netty.HttpVersionRoutingHandler channelRead
INFO: Detected non-HTTP/2 connection.
May 21, 2020 10:39:55 PM io.gapi.emulators.netty.HttpVersionRoutingHandler channelRead
INFO: Detected HTTP/2 connection.
May 21, 2020 10:39:55 PM com.google.cloud.datastore.emulator.impl.util.WrappedStreamObserver onError
INFO: operation failed: Error compiling rules:
L4:57 An unsupported type identifier was used with the 'is' operator. Received <missing IDENTIFIER>. Expected one of bool,bytes,constraint,duration,float,int,latlng,list,set,number,map,string,timestamp,path,map_diff
L4:57 missing IDENTIFIER at ';'
May 21, 2020 10:39:55 PM com.google.cloud.datastore.emulator.impl.util.WrappedStreamObserver onError
INFO: operation failed: Error compiling rules:
L4:57 An unsupported type identifier was used with the 'is' operator. Received <missing IDENTIFIER>. Expected one of bool,bytes,constraint,duration,float,int,latlng,list,set,number,map,string,timestamp,path,map_diff
L4:57 missing IDENTIFIER at ';'
May 21, 2020 10:39:56 PM com.google.cloud.datastore.emulator.impl.util.WrappedStreamObserver onError
INFO: operation failed: Error compiling rules:
L4:57 An unsupported type identifier was used with the 'is' operator. Received <missing IDENTIFIER>. Expected one of bool,bytes,constraint,duration,float,int,latlng,list,set,number,map,string,timestamp,path,map_diff
L4:57 missing IDENTIFIER at ';'
May 21, 2020 10:39:56 PM com.google.cloud.datastore.emulator.impl.util.WrappedStreamObserver onError
INFO: operation failed: Error compiling rules:
L4:57 An unsupported type identifier was used with the 'is' operator. Received <missing IDENTIFIER>. Expected one of bool,bytes,constraint,duration,float,int,latlng,list,set,number,map,string,timestamp,path,map_diff
L4:57 missing IDENTIFIER at ';'
May 21, 2020 10:39:56 PM com.google.cloud.datastore.emulator.impl.util.WrappedStreamObserver onError
INFO: operation failed: Error compiling rules:
L4:57 An unsupported type identifier was used with the 'is' operator. Received <missing IDENTIFIER>. Expected one of bool,bytes,constraint,duration,float,int,latlng,list,set,number,map,string,timestamp,path,map_diff
L4:57 missing IDENTIFIER at ';'
May 21, 2020 10:39:57 PM io.gapi.emulators.netty.HttpVersionRoutingHandler channelRead
INFO: Detected non-HTTP/2 connection.
May 21, 2020 10:39:57 PM io.gapi.emulators.netty.HttpVersionRoutingHandler channelRead
INFO: Detected HTTP/2 connection.
May 21, 2020 10:39:57 PM com.google.cloud.datastore.emulator.impl.util.WrappedStreamObserver onError
INFO: operation failed: No matching allow statements
May 21, 2020 10:40:12 PM io.gapi.emulators.netty.HttpVersionRoutingHandler channelRead
INFO: Detected non-HTTP/2 connection.
May 21, 2020 10:40:12 PM io.gapi.emulators.netty.HttpVersionRoutingHandler channelRead
INFO: Detected HTTP/2 connection.
May 21, 2020 10:40:13 PM com.google.cloud.datastore.emulator.impl.util.WrappedStreamObserver onError
INFO: operation failed: No matching allow statements
May 21, 2020 10:42:58 PM io.gapi.emulators.netty.HttpVersionRoutingHandler channelRead
INFO: Detected non-HTTP/2 connection.
May 21, 2020 10:42:58 PM io.gapi.emulators.netty.HttpVersionRoutingHandler channelRead
INFO: Detected HTTP/2 connection.
May 21, 2020 10:42:58 PM com.google.cloud.datastore.emulator.impl.util.WrappedStreamObserver onError
INFO: operation failed: No matching allow statements
May 21, 2020 10:43:01 PM io.gapi.emulators.netty.HttpVersionRoutingHandler channelRead
INFO: Detected non-HTTP/2 connection.
May 21, 2020 10:43:01 PM io.gapi.emulators.netty.HttpVersionRoutingHandler channelRead
INFO: Detected HTTP/2 connection.
May 21, 2020 10:43:01 PM com.google.cloud.datastore.emulator.impl.util.WrappedStreamObserver onError
INFO: operation failed: No matching allow statements
May 21, 2020 10:43:16 PM io.gapi.emulators.netty.HttpVersionRoutingHandler channelRead
INFO: Detected non-HTTP/2 connection.
May 21, 2020 10:43:16 PM io.gapi.emulators.netty.HttpVersionRoutingHandler channelRead
INFO: Detected HTTP/2 connection.
May 21, 2020 10:43:17 PM com.google.cloud.datastore.emulator.impl.util.WrappedStreamObserver onError
INFO: operation failed: Error compiling rules:
L3:30 Forward slash '/' found where identifier or binding expected.
May 21, 2020 10:43:17 PM com.google.cloud.datastore.emulator.impl.util.WrappedStreamObserver onError
INFO: operation failed: Error compiling rules:
L3:30 Forward slash '/' found where identifier or binding expected.
May 21, 2020 10:43:17 PM com.google.cloud.datastore.emulator.impl.util.WrappedStreamObserver onError
INFO: operation failed: Error compiling rules:
L3:30 Forward slash '/' found where identifier or binding expected.
May 21, 2020 10:43:17 PM com.google.cloud.datastore.emulator.impl.util.WrappedStreamObserver onError
INFO: operation failed: Error compiling rules:
L3:30 Forward slash '/' found where identifier or binding expected.
May 21, 2020 10:43:17 PM com.google.cloud.datastore.emulator.impl.util.WrappedStreamObserver onError
INFO: operation failed: Error compiling rules:
L3:30 Forward slash '/' found where identifier or binding expected.
May 21, 2020 10:43:21 PM io.gapi.emulators.netty.HttpVersionRoutingHandler channelRead
INFO: Detected non-HTTP/2 connection.
May 21, 2020 10:43:22 PM io.gapi.emulators.netty.HttpVersionRoutingHandler channelRead
INFO: Detected HTTP/2 connection.
May 21, 2020 10:43:22 PM com.google.cloud.datastore.emulator.impl.util.WrappedStreamObserver onError
INFO: operation failed: No matching allow statements
